2026-03-24 20:22:01.554 [main] INFO  Freerouting v1.9.0 (build-date: 2023-10-30)
2026-03-24 20:22:02.595 [main] INFO  Opening '/home/rw3iss/Projects/Keyboard/projects/blue-dream-space-kle/build/keyboard.dsn'...
2026-03-24 20:22:02.873 [ForkJoinPool.commonPool-worker-1] INFO  New version available: v2.1.0
2026-03-24 20:22:06.216 [Thread-23] INFO  Starting auto-routing...
2026-03-24 20:22:08.726 [Thread-23] INFO  Auto-routing was completed in 2.51 seconds.
2026-03-24 20:22:08.827 [Thread-23] INFO  Starting route optimization on 1 thread...
2026-03-24 20:22:14.614 [AWT-EventQueue-0] ERROR Cannot invoke "app.freerouting.geometry.planar.FloatPoint.rotate(double, app.freerouting.geometry.planar.FloatPoint)" because "p_point" is null
java.lang.NullPointerException: Cannot invoke "app.freerouting.geometry.planar.FloatPoint.rotate(double, app.freerouting.geometry.planar.FloatPoint)" because "p_point" is null
	at app.freerouting.boardgraphics.CoordinateTransform.board_to_screen(CoordinateTransform.java:82) ~[freerouting-1.9.0.jar:unspecified]
	at app.freerouting.interactive.InteractiveState.mouse_wheel_moved(InteractiveState.java:90) ~[freerouting-1.9.0.jar:unspecified]
	at app.freerouting.interactive.BoardHandling.mouse_wheel_moved(BoardHandling.java:721) ~[freerouting-1.9.0.jar:unspecified]
	at app.freerouting.gui.BoardPanel.lambda$default_init$0(BoardPanel.java:123) ~[freerouting-1.9.0.jar:unspecified]
	at java.awt.Component.processMouseWheelEvent(Component.java:6664) ~[?:?]
	at java.awt.Component.processEvent(Component.java:6348) ~[?:?]
	at java.awt.Container.processEvent(Container.java:2260) ~[?:?]
	at java.awt.Component.dispatchEventImpl(Component.java:4958) ~[?:?]
	at java.awt.Container.dispatchEventImpl(Container.java:2318) ~[?:?]
	at java.awt.Component.dispatchEvent(Component.java:4790) ~[?:?]
	at java.awt.LightweightDispatcher.retargetMouseEvent(Container.java:4917) ~[?:?]
	at java.awt.LightweightDispatcher.processMouseEvent(Container.java:4589) ~[?:?]
	at java.awt.LightweightDispatcher.dispatchEvent(Container.java:4501) ~[?:?]
	at java.awt.Container.dispatchEventImpl(Container.java:2304) ~[?:?]
	at java.awt.Window.dispatchEventImpl(Window.java:2671) ~[?:?]
	at java.awt.Component.dispatchEvent(Component.java:4790) ~[?:?]
	at java.awt.EventQueue.dispatchEventImpl(EventQueue.java:725) ~[?:?]
	at java.awt.EventQueue.dispatchEvent(EventQueue.java:702) ~[?:?]
	at java.awt.EventDispatchThread.pumpOneEventForFilters(EventDispatchThread.java:203) [?:?]
	at java.awt.EventDispatchThread.pumpEventsForFilter(EventDispatchThread.java:124) [?:?]
	at java.awt.EventDispatchThread.pumpEventsForHierarchy(EventDispatchThread.java:113) [?:?]
	at java.awt.EventDispatchThread.pumpEvents(EventDispatchThread.java:109) [?:?]
	at java.awt.EventDispatchThread.pumpEvents(EventDispatchThread.java:101) [?:?]
	at java.awt.EventDispatchThread.run(EventDispatchThread.java:90) [?:?]
2026-03-24 20:24:35.610 [Thread-23] INFO  Route optimization was completed in 2 minute(s) 26.78 seconds and it improved the design by ~54.55%.
2026-03-24 20:24:35.616 [Thread-23] INFO  Saving '/home/rw3iss/Projects/Keyboard/projects/blue-dream-space-kle/build/keyboard.ses'...
2026-03-24 23:42:15.251 [main] INFO  Freerouting v1.9.0 (build-date: 2023-10-30)
2026-03-24 23:42:15.283 [main] INFO  Settings were loaded from freerouting.json
2026-03-24 23:42:16.294 [main] INFO  Opening '/home/rw3iss/Projects/Keyboard/projects/blue-dream-space-kle/build/keyboard.dsn'...
2026-03-24 23:42:16.522 [ForkJoinPool.commonPool-worker-1] INFO  New version available: v2.1.0
2026-03-24 23:42:19.364 [Thread-23] INFO  Starting auto-routing...
2026-03-24 23:42:51.162 [AWT-EventQueue-0] ERROR Cannot invoke "app.freerouting.geometry.planar.FloatPoint.rotate(double, app.freerouting.geometry.planar.FloatPoint)" because "p_point" is null
java.lang.NullPointerException: Cannot invoke "app.freerouting.geometry.planar.FloatPoint.rotate(double, app.freerouting.geometry.planar.FloatPoint)" because "p_point" is null
	at app.freerouting.boardgraphics.CoordinateTransform.board_to_screen(CoordinateTransform.java:82) ~[freerouting-1.9.0.jar:unspecified]
	at app.freerouting.interactive.InteractiveState.mouse_wheel_moved(InteractiveState.java:90) ~[freerouting-1.9.0.jar:unspecified]
	at app.freerouting.interactive.BoardHandling.mouse_wheel_moved(BoardHandling.java:721) ~[freerouting-1.9.0.jar:unspecified]
	at app.freerouting.gui.BoardPanel.lambda$default_init$0(BoardPanel.java:123) ~[freerouting-1.9.0.jar:unspecified]
	at java.awt.Component.processMouseWheelEvent(Component.java:6664) ~[?:?]
	at java.awt.Component.processEvent(Component.java:6348) ~[?:?]
	at java.awt.Container.processEvent(Container.java:2260) ~[?:?]
	at java.awt.Component.dispatchEventImpl(Component.java:4958) ~[?:?]
	at java.awt.Container.dispatchEventImpl(Container.java:2318) ~[?:?]
	at java.awt.Component.dispatchEvent(Component.java:4790) ~[?:?]
	at java.awt.LightweightDispatcher.retargetMouseEvent(Container.java:4917) ~[?:?]
	at java.awt.LightweightDispatcher.processMouseEvent(Container.java:4589) ~[?:?]
	at java.awt.LightweightDispatcher.dispatchEvent(Container.java:4501) ~[?:?]
	at java.awt.Container.dispatchEventImpl(Container.java:2304) ~[?:?]
	at java.awt.Window.dispatchEventImpl(Window.java:2671) ~[?:?]
	at java.awt.Component.dispatchEvent(Component.java:4790) ~[?:?]
	at java.awt.EventQueue.dispatchEventImpl(EventQueue.java:725) ~[?:?]
	at java.awt.EventQueue.dispatchEvent(EventQueue.java:702) ~[?:?]
	at java.awt.EventDispatchThread.pumpOneEventForFilters(EventDispatchThread.java:203) [?:?]
	at java.awt.EventDispatchThread.pumpEventsForFilter(EventDispatchThread.java:124) [?:?]
	at java.awt.EventDispatchThread.pumpEventsForHierarchy(EventDispatchThread.java:113) [?:?]
	at java.awt.EventDispatchThread.pumpEvents(EventDispatchThread.java:109) [?:?]
	at java.awt.EventDispatchThread.pumpEvents(EventDispatchThread.java:101) [?:?]
	at java.awt.EventDispatchThread.run(EventDispatchThread.java:90) [?:?]
2026-03-24 23:42:54.252 [AWT-EventQueue-0] ERROR Cannot invoke "app.freerouting.geometry.planar.FloatPoint.rotate(double, app.freerouting.geometry.planar.FloatPoint)" because "p_point" is null
java.lang.NullPointerException: Cannot invoke "app.freerouting.geometry.planar.FloatPoint.rotate(double, app.freerouting.geometry.planar.FloatPoint)" because "p_point" is null
	at app.freerouting.boardgraphics.CoordinateTransform.board_to_screen(CoordinateTransform.java:82) ~[freerouting-1.9.0.jar:unspecified]
	at app.freerouting.interactive.InteractiveState.mouse_wheel_moved(InteractiveState.java:90) ~[freerouting-1.9.0.jar:unspecified]
	at app.freerouting.interactive.BoardHandling.mouse_wheel_moved(BoardHandling.java:721) ~[freerouting-1.9.0.jar:unspecified]
	at app.freerouting.gui.BoardPanel.lambda$default_init$0(BoardPanel.java:123) ~[freerouting-1.9.0.jar:unspecified]
	at java.awt.Component.processMouseWheelEvent(Component.java:6664) ~[?:?]
	at java.awt.Component.processEvent(Component.java:6348) ~[?:?]
	at java.awt.Container.processEvent(Container.java:2260) ~[?:?]
	at java.awt.Component.dispatchEventImpl(Component.java:4958) ~[?:?]
	at java.awt.Container.dispatchEventImpl(Container.java:2318) ~[?:?]
	at java.awt.Component.dispatchEvent(Component.java:4790) ~[?:?]
	at java.awt.LightweightDispatcher.retargetMouseEvent(Container.java:4917) ~[?:?]
	at java.awt.LightweightDispatcher.processMouseEvent(Container.java:4589) ~[?:?]
	at java.awt.LightweightDispatcher.dispatchEvent(Container.java:4501) ~[?:?]
	at java.awt.Container.dispatchEventImpl(Container.java:2304) ~[?:?]
	at java.awt.Window.dispatchEventImpl(Window.java:2671) ~[?:?]
	at java.awt.Component.dispatchEvent(Component.java:4790) ~[?:?]
	at java.awt.EventQueue.dispatchEventImpl(EventQueue.java:725) ~[?:?]
	at java.awt.EventQueue.dispatchEvent(EventQueue.java:702) ~[?:?]
	at java.awt.EventDispatchThread.pumpOneEventForFilters(EventDispatchThread.java:203) [?:?]
	at java.awt.EventDispatchThread.pumpEventsForFilter(EventDispatchThread.java:124) [?:?]
	at java.awt.EventDispatchThread.pumpEventsForHierarchy(EventDispatchThread.java:113) [?:?]
	at java.awt.EventDispatchThread.pumpEvents(EventDispatchThread.java:109) [?:?]
	at java.awt.EventDispatchThread.pumpEvents(EventDispatchThread.java:101) [?:?]
	at java.awt.EventDispatchThread.run(EventDispatchThread.java:90) [?:?]
2026-03-24 23:42:55.553 [AWT-EventQueue-0] ERROR Cannot invoke "app.freerouting.geometry.planar.FloatPoint.rotate(double, app.freerouting.geometry.planar.FloatPoint)" because "p_point" is null
java.lang.NullPointerException: Cannot invoke "app.freerouting.geometry.planar.FloatPoint.rotate(double, app.freerouting.geometry.planar.FloatPoint)" because "p_point" is null
	at app.freerouting.boardgraphics.CoordinateTransform.board_to_screen(CoordinateTransform.java:82) ~[freerouting-1.9.0.jar:unspecified]
	at app.freerouting.interactive.InteractiveState.mouse_wheel_moved(InteractiveState.java:90) ~[freerouting-1.9.0.jar:unspecified]
	at app.freerouting.interactive.BoardHandling.mouse_wheel_moved(BoardHandling.java:721) ~[freerouting-1.9.0.jar:unspecified]
	at app.freerouting.gui.BoardPanel.lambda$default_init$0(BoardPanel.java:123) ~[freerouting-1.9.0.jar:unspecified]
	at java.awt.Component.processMouseWheelEvent(Component.java:6664) ~[?:?]
	at java.awt.Component.processEvent(Component.java:6348) ~[?:?]
	at java.awt.Container.processEvent(Container.java:2260) ~[?:?]
	at java.awt.Component.dispatchEventImpl(Component.java:4958) ~[?:?]
	at java.awt.Container.dispatchEventImpl(Container.java:2318) ~[?:?]
	at java.awt.Component.dispatchEvent(Component.java:4790) ~[?:?]
	at java.awt.LightweightDispatcher.retargetMouseEvent(Container.java:4917) ~[?:?]
	at java.awt.LightweightDispatcher.processMouseEvent(Container.java:4589) ~[?:?]
	at java.awt.LightweightDispatcher.dispatchEvent(Container.java:4501) ~[?:?]
	at java.awt.Container.dispatchEventImpl(Container.java:2304) ~[?:?]
	at java.awt.Window.dispatchEventImpl(Window.java:2671) ~[?:?]
	at java.awt.Component.dispatchEvent(Component.java:4790) ~[?:?]
	at java.awt.EventQueue.dispatchEventImpl(EventQueue.java:725) ~[?:?]
	at java.awt.EventQueue.dispatchEvent(EventQueue.java:702) ~[?:?]
	at java.awt.EventDispatchThread.pumpOneEventForFilters(EventDispatchThread.java:203) [?:?]
	at java.awt.EventDispatchThread.pumpEventsForFilter(EventDispatchThread.java:124) [?:?]
	at java.awt.EventDispatchThread.pumpEventsForHierarchy(EventDispatchThread.java:113) [?:?]
	at java.awt.EventDispatchThread.pumpEvents(EventDispatchThread.java:109) [?:?]
	at java.awt.EventDispatchThread.pumpEvents(EventDispatchThread.java:101) [?:?]
	at java.awt.EventDispatchThread.run(EventDispatchThread.java:90) [?:?]
2026-03-24 23:42:58.006 [AWT-EventQueue-0] ERROR Cannot invoke "app.freerouting.geometry.planar.FloatPoint.rotate(double, app.freerouting.geometry.planar.FloatPoint)" because "p_point" is null
java.lang.NullPointerException: Cannot invoke "app.freerouting.geometry.planar.FloatPoint.rotate(double, app.freerouting.geometry.planar.FloatPoint)" because "p_point" is null
	at app.freerouting.boardgraphics.CoordinateTransform.board_to_screen(CoordinateTransform.java:82) ~[freerouting-1.9.0.jar:unspecified]
	at app.freerouting.interactive.InteractiveState.mouse_wheel_moved(InteractiveState.java:90) ~[freerouting-1.9.0.jar:unspecified]
	at app.freerouting.interactive.BoardHandling.mouse_wheel_moved(BoardHandling.java:721) ~[freerouting-1.9.0.jar:unspecified]
	at app.freerouting.gui.BoardPanel.lambda$default_init$0(BoardPanel.java:123) ~[freerouting-1.9.0.jar:unspecified]
	at java.awt.Component.processMouseWheelEvent(Component.java:6664) ~[?:?]
	at java.awt.Component.processEvent(Component.java:6348) ~[?:?]
	at java.awt.Container.processEvent(Container.java:2260) ~[?:?]
	at java.awt.Component.dispatchEventImpl(Component.java:4958) ~[?:?]
	at java.awt.Container.dispatchEventImpl(Container.java:2318) ~[?:?]
	at java.awt.Component.dispatchEvent(Component.java:4790) ~[?:?]
	at java.awt.LightweightDispatcher.retargetMouseEvent(Container.java:4917) ~[?:?]
	at java.awt.LightweightDispatcher.processMouseEvent(Container.java:4589) ~[?:?]
	at java.awt.LightweightDispatcher.dispatchEvent(Container.java:4501) ~[?:?]
	at java.awt.Container.dispatchEventImpl(Container.java:2304) ~[?:?]
	at java.awt.Window.dispatchEventImpl(Window.java:2671) ~[?:?]
	at java.awt.Component.dispatchEvent(Component.java:4790) ~[?:?]
	at java.awt.EventQueue.dispatchEventImpl(EventQueue.java:725) ~[?:?]
	at java.awt.EventQueue.dispatchEvent(EventQueue.java:702) ~[?:?]
	at java.awt.EventDispatchThread.pumpOneEventForFilters(EventDispatchThread.java:203) [?:?]
	at java.awt.EventDispatchThread.pumpEventsForFilter(EventDispatchThread.java:124) [?:?]
	at java.awt.EventDispatchThread.pumpEventsForHierarchy(EventDispatchThread.java:113) [?:?]
	at java.awt.EventDispatchThread.pumpEvents(EventDispatchThread.java:109) [?:?]
	at java.awt.EventDispatchThread.pumpEvents(EventDispatchThread.java:101) [?:?]
	at java.awt.EventDispatchThread.run(EventDispatchThread.java:90) [?:?]
2026-03-24 23:42:58.295 [Thread-23] INFO  Auto-routing was completed in 38.93 seconds.
2026-03-24 23:42:58.396 [Thread-23] INFO  Starting route optimization on 1 thread...
2026-03-24 23:43:00.794 [AWT-EventQueue-0] ERROR Cannot invoke "app.freerouting.geometry.planar.FloatPoint.rotate(double, app.freerouting.geometry.planar.FloatPoint)" because "p_point" is null
java.lang.NullPointerException: Cannot invoke "app.freerouting.geometry.planar.FloatPoint.rotate(double, app.freerouting.geometry.planar.FloatPoint)" because "p_point" is null
	at app.freerouting.boardgraphics.CoordinateTransform.board_to_screen(CoordinateTransform.java:82) ~[freerouting-1.9.0.jar:unspecified]
	at app.freerouting.interactive.InteractiveState.mouse_wheel_moved(InteractiveState.java:90) ~[freerouting-1.9.0.jar:unspecified]
	at app.freerouting.interactive.BoardHandling.mouse_wheel_moved(BoardHandling.java:721) ~[freerouting-1.9.0.jar:unspecified]
	at app.freerouting.gui.BoardPanel.lambda$default_init$0(BoardPanel.java:123) ~[freerouting-1.9.0.jar:unspecified]
	at java.awt.Component.processMouseWheelEvent(Component.java:6664) ~[?:?]
	at java.awt.Component.processEvent(Component.java:6348) ~[?:?]
	at java.awt.Container.processEvent(Container.java:2260) ~[?:?]
	at java.awt.Component.dispatchEventImpl(Component.java:4958) ~[?:?]
	at java.awt.Container.dispatchEventImpl(Container.java:2318) ~[?:?]
	at java.awt.Component.dispatchEvent(Component.java:4790) ~[?:?]
	at java.awt.LightweightDispatcher.retargetMouseEvent(Container.java:4917) ~[?:?]
	at java.awt.LightweightDispatcher.processMouseEvent(Container.java:4589) ~[?:?]
	at java.awt.LightweightDispatcher.dispatchEvent(Container.java:4501) ~[?:?]
	at java.awt.Container.dispatchEventImpl(Container.java:2304) ~[?:?]
	at java.awt.Window.dispatchEventImpl(Window.java:2671) ~[?:?]
	at java.awt.Component.dispatchEvent(Component.java:4790) ~[?:?]
	at java.awt.EventQueue.dispatchEventImpl(EventQueue.java:725) ~[?:?]
	at java.awt.EventQueue.dispatchEvent(EventQueue.java:702) ~[?:?]
	at java.awt.EventDispatchThread.pumpOneEventForFilters(EventDispatchThread.java:203) [?:?]
	at java.awt.EventDispatchThread.pumpEventsForFilter(EventDispatchThread.java:124) [?:?]
	at java.awt.EventDispatchThread.pumpEventsForHierarchy(EventDispatchThread.java:113) [?:?]
	at java.awt.EventDispatchThread.pumpEvents(EventDispatchThread.java:109) [?:?]
	at java.awt.EventDispatchThread.pumpEvents(EventDispatchThread.java:101) [?:?]
	at java.awt.EventDispatchThread.run(EventDispatchThread.java:90) [?:?]
2026-03-24 23:43:05.709 [Thread-23] INFO  Route optimization was completed in 7.31 seconds.
2026-03-24 23:43:05.715 [Thread-23] INFO  Saving '/home/rw3iss/Projects/Keyboard/projects/blue-dream-space-kle/build/keyboard.ses'...
2026-03-24 23:43:17.443 [main] INFO  Freerouting v1.9.0 (build-date: 2023-10-30)
2026-03-24 23:43:17.468 [main] INFO  Settings were loaded from freerouting.json
2026-03-24 23:43:18.478 [main] INFO  Opening '/home/rw3iss/Projects/Keyboard/projects/blue-dream-space-kle/build/keyboard.dsn'...
2026-03-24 23:43:18.715 [ForkJoinPool.commonPool-worker-1] INFO  New version available: v2.1.0
2026-03-24 23:43:21.278 [Thread-23] INFO  Starting auto-routing...
2026-03-24 23:44:01.131 [Thread-23] INFO  Auto-routing was completed in 39.85 seconds.
2026-03-24 23:44:01.232 [Thread-23] INFO  Starting route optimization on 1 thread...
2026-03-24 23:44:08.293 [Thread-23] INFO  Route optimization was completed in 7.06 seconds.
2026-03-24 23:44:08.302 [Thread-23] INFO  Saving '/home/rw3iss/Projects/Keyboard/projects/blue-dream-space-kle/build/keyboard.ses'...
2026-03-25 01:02:42.611 [main] INFO  Freerouting v1.9.0 (build-date: 2023-10-30)
2026-03-25 01:02:42.637 [main] INFO  Settings were loaded from freerouting.json
2026-03-25 01:02:43.651 [main] INFO  Opening '/home/rw3iss/Projects/Keyboard/projects/blue-dream-space-kle/build/keyboard.dsn'...
2026-03-25 01:02:43.894 [ForkJoinPool.commonPool-worker-1] INFO  New version available: v2.1.0
2026-03-25 01:02:45.684 [Thread-23] INFO  Starting auto-routing...
2026-03-25 01:04:12.052 [AWT-EventQueue-0] ERROR Cannot invoke "app.freerouting.geometry.planar.FloatPoint.rotate(double, app.freerouting.geometry.planar.FloatPoint)" because "p_point" is null
java.lang.NullPointerException: Cannot invoke "app.freerouting.geometry.planar.FloatPoint.rotate(double, app.freerouting.geometry.planar.FloatPoint)" because "p_point" is null
	at app.freerouting.boardgraphics.CoordinateTransform.board_to_screen(CoordinateTransform.java:82) ~[freerouting-1.9.0.jar:unspecified]
	at app.freerouting.interactive.InteractiveState.mouse_wheel_moved(InteractiveState.java:90) ~[freerouting-1.9.0.jar:unspecified]
	at app.freerouting.interactive.BoardHandling.mouse_wheel_moved(BoardHandling.java:721) ~[freerouting-1.9.0.jar:unspecified]
	at app.freerouting.gui.BoardPanel.lambda$default_init$0(BoardPanel.java:123) ~[freerouting-1.9.0.jar:unspecified]
	at java.awt.Component.processMouseWheelEvent(Component.java:6664) ~[?:?]
	at java.awt.Component.processEvent(Component.java:6348) ~[?:?]
	at java.awt.Container.processEvent(Container.java:2260) ~[?:?]
	at java.awt.Component.dispatchEventImpl(Component.java:4958) ~[?:?]
	at java.awt.Container.dispatchEventImpl(Container.java:2318) ~[?:?]
	at java.awt.Component.dispatchEvent(Component.java:4790) ~[?:?]
	at java.awt.LightweightDispatcher.retargetMouseEvent(Container.java:4917) ~[?:?]
	at java.awt.LightweightDispatcher.processMouseEvent(Container.java:4589) ~[?:?]
	at java.awt.LightweightDispatcher.dispatchEvent(Container.java:4501) ~[?:?]
	at java.awt.Container.dispatchEventImpl(Container.java:2304) ~[?:?]
	at java.awt.Window.dispatchEventImpl(Window.java:2671) ~[?:?]
	at java.awt.Component.dispatchEvent(Component.java:4790) ~[?:?]
	at java.awt.EventQueue.dispatchEventImpl(EventQueue.java:725) ~[?:?]
	at java.awt.EventQueue.dispatchEvent(EventQueue.java:702) ~[?:?]
	at java.awt.EventDispatchThread.pumpOneEventForFilters(EventDispatchThread.java:203) [?:?]
	at java.awt.EventDispatchThread.pumpEventsForFilter(EventDispatchThread.java:124) [?:?]
	at java.awt.EventDispatchThread.pumpEventsForHierarchy(EventDispatchThread.java:113) [?:?]
	at java.awt.EventDispatchThread.pumpEvents(EventDispatchThread.java:109) [?:?]
	at java.awt.EventDispatchThread.pumpEvents(EventDispatchThread.java:101) [?:?]
	at java.awt.EventDispatchThread.run(EventDispatchThread.java:90) [?:?]
2026-03-25 01:04:38.359 [Thread-23] INFO  Auto-routing was completed in 1 minute(s) 52.67 seconds.
2026-03-25 01:04:38.460 [Thread-23] INFO  Starting route optimization on 1 thread...
2026-03-25 01:04:44.836 [Thread-23] INFO  Route optimization was completed in 6.38 seconds.
2026-03-25 01:04:44.842 [Thread-23] INFO  Saving '/home/rw3iss/Projects/Keyboard/projects/blue-dream-space-kle/build/keyboard.ses'...
